Source file: progs.src
outputfile: ../progs.dat
compiling defs.qc
compiling subs.qc
compiling fight.qc
compiling ai.qc
compiling combat.qc
compiling items.qc
compiling weapons.qc
compiling world.qc
compiling client.qc
compiling player.qc
compiling monsters.qc
compiling doors.qc
compiling buttons.qc
compiling triggers.qc
compiling plats.qc
compiling misc.qc
compiling ogre.qc
compiling demon.qc
compiling shambler.qc
compiling knight.qc
compiling soldier.qc
compiling wizard.qc
compiling dog.qc
compiling zombie.qc
compiling boss.qc
compiling tarbaby.qc
compiling hknight.qc
compiling fish.qc
compiling shalrath.qc
compiling enforcer.qc
compiling oldone.qc
Recognised progs as NetQuake server gamecode
Progs should run on any Quake executor
 88228 strofs (of 1000000)
 20510 numstatements (of 524288)
  2091 numfunctions (of 16384)
  4256 numglobaldefs (of 32768)
   208 numfielddefs (186 unique) (of 2048)
  4248 numpr_globals (of 65536)
Writing ../progs.dat
380476 TOTAL SIZE
Writing ../progs.lno
225 unique precache_sounds
 95 unique precache_models
104 unique precache_files
Compile Complete

optres_shortenifnots 115
optres_overlaptemps 7236
optres_constantarithmatic 17
optres_nonvec_parms 3900
optres_assignments 408
optres_unreferenced 14
optres_dupconstdefs 101
numtemps 117
0 warnings
